[02:22:44] [Server thread/INFO]: Starting minecraft server version 1.8.8
[02:22:44] [Server thread/INFO]: Loading properties
[02:22:44] [Server thread/INFO]: Default game type: SURVIVAL
[02:22:44] [Server thread/INFO]: This server is running CraftBukkit version git-PaperSpigot-445 (MC: 1.8.8) (Implementing API version 1.8.8-R0.1-SNAPSHOT)
[02:22:45] [Server thread/INFO]: Debug logging is disabled
[02:22:45] [Server thread/INFO]: Spigot Timings: true - Verbose: true - Interval: 5m - Length: 60m
[02:22:45] [Server thread/INFO]: Server Ping Player Sample Count: 12

[02:22:45] [Server thread/INFO]: Using 4 threads for Netty based IO
[02:22:45] [Server thread/INFO]: Data value allowed items: 
[02:22:45] [Server thread/WARN]: java.lang.NoSuchFieldException: modifiers

[02:22:45] [Server thread/WARN]: 	at java.base/java.lang.Class.getDeclaredField(Class.java:2610)

[02:22:45] [Server thread/WARN]: 	at org.github.paperspigot.PaperSpigotConfig.stackableBuckets(PaperSpigotConfig.java:192)

[02:22:45] [Server thread/WARN]: 	at java.base/jdk.internal.reflect.NativeMethodAccessorImpl.invoke0(Native Method)

[02:22:45] [Server thread/WARN]: 	at java.base/jdk.internal.reflect.NativeMethodAccessorImpl.invoke(NativeMethodAccessorImpl.java:77)

[02:22:45] [Server thread/WARN]: 	at java.base/jdk.internal.reflect.DelegatingMethodAccessorImpl.invoke(DelegatingMethodAccessorImpl.java:43)

[02:22:45] [Server thread/WARN]: 	at java.base/java.lang.reflect.Method.invoke(Method.java:569)

[02:22:45] [Server thread/WARN]: 	at org.github.paperspigot.PaperSpigotConfig.readConfig(PaperSpigotConfig.java:84)

[02:22:45] [Server thread/WARN]: 	at org.github.paperspigot.PaperSpigotConfig.init(PaperSpigotConfig.java:62)

[02:22:45] [Server thread/WARN]: 	at net.minecraft.server.v1_8_R3.DedicatedServer.init(DedicatedServer.java:181)

[02:22:45] [Server thread/WARN]: 	at net.minecraft.server.v1_8_R3.MinecraftServer.run(MinecraftServer.java:563)

[02:22:45] [Server thread/WARN]: 	at java.base/java.lang.Thread.run(Thread.java:840)

[02:22:45] [Server thread/INFO]: Generating keypair
[02:22:45] [Server thread/INFO]: Starting Minecraft server on localhost:25565
[02:22:45] [Server thread/INFO]: Your platform does not provide complete low-level API for accessing direct buffers reliably. Unless explicitly requested, heap buffer will always be preferred to avoid potential system unstability.
[02:22:45] [Server thread/INFO]: Using default channel type
[02:22:45] [Server thread/WARN]: **** FAILED TO BIND TO PORT!
[02:22:45] [Server thread/WARN]: The exception was: java.net.BindException: Address already in use
[02:22:45] [Server thread/WARN]: Perhaps a server is already running on that port?
[02:22:45] [Server thread/INFO]: Stopping server
[02:22:45] [Server thread/INFO]: Saving players
